en.wikipedia.org ERR gaierror(8, 'nodename nor servname provided, or not known')
www.wto.org ERR gaierror(8, 'nodename nor servname provided, or not known')
example.com ERR gaierror(8, 'nodename nor servname provided, or not known')
--- scutil --dns ---
No DNS configuration available
--- /etc/resolv.conf ---
#
# macOS Notice
#
# This file is not consulted for DNS hostname resolution, address
# resolution, or the DNS query routing mechanism used by most
# processes on this system.
#
# To view the DNS configuration used by this system, use:
#   scutil --dns
#
# SEE ALSO
#   dns-sd(1), scutil(8)
#
# This file is automatically generated.
#
nameserver 181.213.132.2
nameserver 181.213.132.3
--- curl IP test ---
  % Total    % Received % Xferd  Average Speed   Time    Time     Time  Current
                                 Dload  Upload   Total   Spent    Left  Speed
  0     0    0     0    0     0      0      0 --:--:-- --:--:-- --:--:--     0  0     0    0     0    0     0      0      0 --:--:-- --:--:-- --:--:--     0
curl: (7) Failed to connect to 93.184.216.34 port 80 after 1 ms: Couldn't connect to server
