Building baseline events...
Mensagen de aviso:
There were 115 warnings in `dplyr::summarise()`.
The first warning was:
ℹ In argument: `treaty_open_year = min(signature_year, na.rm = TRUE)`.
ℹ In group 2586: `treaty_url =
  "/international-investment-agreements/treaties/bilateral-investment-treaties/3859/mauritania---united-arab-emirates-bit-2015-"`.
Caused by warning in `min()`:
! nenhum argumento não faltante para min; retornando Inf
ℹ Run `dplyr::last_dplyr_warnings()` to see the 114 remaining warnings. 
Error in `dplyr::select()`:
! Can't select columns that don't exist.
✖ Column `Agreement Type Level 1` doesn't exist.
Backtrace:
     ▆
  1. ├─global build_ieadb()
  2. │ ├─dplyr::select(...)
  3. │ └─dplyr:::select.data.frame(...)
  4. │   └─tidyselect::eval_select(expr(c(...)), data = .data, error_call = error_call)
  5. │     └─tidyselect:::eval_select_impl(...)
  6. │       ├─tidyselect:::with_subscript_errors(...)
  7. │       │ └─base::withCallingHandlers(...)
  8. │       └─tidyselect:::vars_select_eval(...)
  9. │         └─tidyselect:::walk_data_tree(expr, data_mask, context_mask)
 10. │           └─tidyselect:::eval_c(expr, data_mask, context_mask)
 11. │             └─tidyselect:::reduce_sels(node, data_mask, context_mask, init = init)
 12. │               └─tidyselect:::walk_data_tree(new, data_mask, context_mask)
 13. │                 └─tidyselect:::as_indices_sel_impl(...)
 14. │                   └─tidyselect:::as_indices_impl(...)
 15. │                     └─tidyselect:::chr_as_locations(x, vars, call = call, arg = arg)
 16. │                       └─vctrs::vec_as_location(...)
 17. └─vctrs (local) `<fn>`()
 18.   └─vctrs:::stop_subscript_oob(...)
 19.     └─vctrs:::stop_subscript(...)
 20.       └─rlang::abort(...)
Execução interrompida
