RUN 1993 (parse -> map -> margins)
CMD: Rscript scripts/R/05_parse_wits_tariffs.R --reporter-iso3 BRA --year 1993
Wrote: data/processed/tariffs/wits_trn/BRA/1993/line_level_all.csv
Wrote: data/processed/tariffs/wits_trn/BRA/1993/line_level_ad_valorem.csv
Wrote: outputs/validation/wits_tariff_pilot_summary_BRA_1993.csv
CMD: Rscript scripts/R/06_map_hs_to_2012.R --reporter-iso3 BRA --year 1993
Wrote: data/processed/tariffs/wits_trn/BRA/1993/line_level_ad_valorem_hs2012.csv
Wrote: outputs/validation/wits_hs_mapping_summary_BRA_1993.csv
CMD: Rscript scripts/R/07_build_margins.R --reporter-iso3 BRA --year 1993
Wrote: data/processed/tariffs/wits_trn/BRA/1993/margins_hs4.csv
Wrote: data/processed/tariffs/wits_trn/BRA/1993/mfn_hs4.csv
Wrote: outputs/validation/wits_margin_summary_BRA_1993.csv
RUN 1994 (parse -> map -> margins)
CMD: Rscript scripts/R/05_parse_wits_tariffs.R --reporter-iso3 BRA --year 1994
Wrote: data/processed/tariffs/wits_trn/BRA/1994/line_level_all.csv
Wrote: data/processed/tariffs/wits_trn/BRA/1994/line_level_ad_valorem.csv
Wrote: outputs/validation/wits_tariff_pilot_summary_BRA_1994.csv
CMD: Rscript scripts/R/06_map_hs_to_2012.R --reporter-iso3 BRA --year 1994
Wrote: data/processed/tariffs/wits_trn/BRA/1994/line_level_ad_valorem_hs2012.csv
Wrote: outputs/validation/wits_hs_mapping_summary_BRA_1994.csv
CMD: Rscript scripts/R/07_build_margins.R --reporter-iso3 BRA --year 1994
Wrote: data/processed/tariffs/wits_trn/BRA/1994/margins_hs4.csv
Wrote: data/processed/tariffs/wits_trn/BRA/1994/mfn_hs4.csv
Wrote: outputs/validation/wits_margin_summary_BRA_1994.csv
RUN 1995 (parse -> map -> margins)
CMD: Rscript scripts/R/05_parse_wits_tariffs.R --reporter-iso3 BRA --year 1995
Wrote: data/processed/tariffs/wits_trn/BRA/1995/line_level_all.csv
Wrote: data/processed/tariffs/wits_trn/BRA/1995/line_level_ad_valorem.csv
Wrote: outputs/validation/wits_tariff_pilot_summary_BRA_1995.csv
CMD: Rscript scripts/R/06_map_hs_to_2012.R --reporter-iso3 BRA --year 1995
Wrote: data/processed/tariffs/wits_trn/BRA/1995/line_level_ad_valorem_hs2012.csv
Wrote: outputs/validation/wits_hs_mapping_summary_BRA_1995.csv
CMD: Rscript scripts/R/07_build_margins.R --reporter-iso3 BRA --year 1995
Wrote: data/processed/tariffs/wits_trn/BRA/1995/margins_hs4.csv
Wrote: data/processed/tariffs/wits_trn/BRA/1995/mfn_hs4.csv
Wrote: outputs/validation/wits_margin_summary_BRA_1995.csv
RUN 1996 (parse -> map -> margins)
CMD: Rscript scripts/R/05_parse_wits_tariffs.R --reporter-iso3 BRA --year 1996
Wrote: data/processed/tariffs/wits_trn/BRA/1996/line_level_all.csv
Wrote: data/processed/tariffs/wits_trn/BRA/1996/line_level_ad_valorem.csv
Wrote: outputs/validation/wits_tariff_pilot_summary_BRA_1996.csv
CMD: Rscript scripts/R/06_map_hs_to_2012.R --reporter-iso3 BRA --year 1996
Wrote: data/processed/tariffs/wits_trn/BRA/1996/line_level_ad_valorem_hs2012.csv
Wrote: outputs/validation/wits_hs_mapping_summary_BRA_1996.csv
CMD: Rscript scripts/R/07_build_margins.R --reporter-iso3 BRA --year 1996
Wrote: data/processed/tariffs/wits_trn/BRA/1996/margins_hs4.csv
Wrote: data/processed/tariffs/wits_trn/BRA/1996/mfn_hs4.csv
Wrote: outputs/validation/wits_margin_summary_BRA_1996.csv
RUN 1997 (parse -> map -> margins)
CMD: Rscript scripts/R/05_parse_wits_tariffs.R --reporter-iso3 BRA --year 1997
Wrote: data/processed/tariffs/wits_trn/BRA/1997/line_level_all.csv
Wrote: data/processed/tariffs/wits_trn/BRA/1997/line_level_ad_valorem.csv
Wrote: outputs/validation/wits_tariff_pilot_summary_BRA_1997.csv
CMD: Rscript scripts/R/06_map_hs_to_2012.R --reporter-iso3 BRA --year 1997
Wrote: data/processed/tariffs/wits_trn/BRA/1997/line_level_ad_valorem_hs2012.csv
Wrote: outputs/validation/wits_hs_mapping_summary_BRA_1997.csv
CMD: Rscript scripts/R/07_build_margins.R --reporter-iso3 BRA --year 1997
Wrote: data/processed/tariffs/wits_trn/BRA/1997/margins_hs4.csv
Wrote: data/processed/tariffs/wits_trn/BRA/1997/mfn_hs4.csv
Wrote: outputs/validation/wits_margin_summary_BRA_1997.csv
RUN 1998 (parse -> map -> margins)
CMD: Rscript scripts/R/05_parse_wits_tariffs.R --reporter-iso3 BRA --year 1998
Wrote: data/processed/tariffs/wits_trn/BRA/1998/line_level_all.csv
Wrote: data/processed/tariffs/wits_trn/BRA/1998/line_level_ad_valorem.csv
Wrote: outputs/validation/wits_tariff_pilot_summary_BRA_1998.csv
CMD: Rscript scripts/R/06_map_hs_to_2012.R --reporter-iso3 BRA --year 1998
Chunk 1998-2002 (parse -> map -> margins)
RUN 1998
CMD: Rscript scripts/R/05_parse_wits_tariffs.R --reporter-iso3 BRA --year 1998
Wrote: data/processed/tariffs/wits_trn/BRA/1998/line_level_all.csv
Wrote: data/processed/tariffs/wits_trn/BRA/1998/line_level_ad_valorem.csv
Wrote: outputs/validation/wits_tariff_pilot_summary_BRA_1998.csv
CMD: Rscript scripts/R/06_map_hs_to_2012.R --reporter-iso3 BRA --year 1998
Wrote: data/processed/tariffs/wits_trn/BRA/1998/line_level_ad_valorem_hs2012.csv
Wrote: outputs/validation/wits_hs_mapping_summary_BRA_1998.csv
CMD: Rscript scripts/R/07_build_margins.R --reporter-iso3 BRA --year 1998
Wrote: data/processed/tariffs/wits_trn/BRA/1998/margins_hs4.csv
Wrote: data/processed/tariffs/wits_trn/BRA/1998/mfn_hs4.csv
Wrote: outputs/validation/wits_margin_summary_BRA_1998.csv
RUN 1999
CMD: Rscript scripts/R/05_parse_wits_tariffs.R --reporter-iso3 BRA --year 1999
Wrote: data/processed/tariffs/wits_trn/BRA/1999/line_level_all.csv
Wrote: data/processed/tariffs/wits_trn/BRA/1999/line_level_ad_valorem.csv
Wrote: outputs/validation/wits_tariff_pilot_summary_BRA_1999.csv
CMD: Rscript scripts/R/06_map_hs_to_2012.R --reporter-iso3 BRA --year 1999
Wrote: data/processed/tariffs/wits_trn/BRA/1999/line_level_ad_valorem_hs2012.csv
Wrote: outputs/validation/wits_hs_mapping_summary_BRA_1999.csv
CMD: Rscript scripts/R/07_build_margins.R --reporter-iso3 BRA --year 1999
Wrote: data/processed/tariffs/wits_trn/BRA/1999/margins_hs4.csv
Wrote: data/processed/tariffs/wits_trn/BRA/1999/mfn_hs4.csv
Wrote: outputs/validation/wits_margin_summary_BRA_1999.csv
RUN 2000
CMD: Rscript scripts/R/05_parse_wits_tariffs.R --reporter-iso3 BRA --year 2000
Wrote: data/processed/tariffs/wits_trn/BRA/2000/line_level_all.csv
Wrote: data/processed/tariffs/wits_trn/BRA/2000/line_level_ad_valorem.csv
Wrote: outputs/validation/wits_tariff_pilot_summary_BRA_2000.csv
CMD: Rscript scripts/R/06_map_hs_to_2012.R --reporter-iso3 BRA --year 2000
Wrote: data/processed/tariffs/wits_trn/BRA/2000/line_level_ad_valorem_hs2012.csv
Wrote: outputs/validation/wits_hs_mapping_summary_BRA_2000.csv
CMD: Rscript scripts/R/07_build_margins.R --reporter-iso3 BRA --year 2000
Wrote: data/processed/tariffs/wits_trn/BRA/2000/margins_hs4.csv
Wrote: data/processed/tariffs/wits_trn/BRA/2000/mfn_hs4.csv
Wrote: outputs/validation/wits_margin_summary_BRA_2000.csv
RUN 2001
CMD: Rscript scripts/R/05_parse_wits_tariffs.R --reporter-iso3 BRA --year 2001
Wrote: data/processed/tariffs/wits_trn/BRA/2001/line_level_all.csv
Wrote: data/processed/tariffs/wits_trn/BRA/2001/line_level_ad_valorem.csv
Wrote: outputs/validation/wits_tariff_pilot_summary_BRA_2001.csv
CMD: Rscript scripts/R/06_map_hs_to_2012.R --reporter-iso3 BRA --year 2001
Wrote: data/processed/tariffs/wits_trn/BRA/2001/line_level_ad_valorem_hs2012.csv
Wrote: outputs/validation/wits_hs_mapping_summary_BRA_2001.csv
CMD: Rscript scripts/R/07_build_margins.R --reporter-iso3 BRA --year 2001
Wrote: data/processed/tariffs/wits_trn/BRA/2001/margins_hs4.csv
Wrote: data/processed/tariffs/wits_trn/BRA/2001/mfn_hs4.csv
Wrote: outputs/validation/wits_margin_summary_BRA_2001.csv
RUN 2002
CMD: Rscript scripts/R/05_parse_wits_tariffs.R --reporter-iso3 BRA --year 2002
Wrote: data/processed/tariffs/wits_trn/BRA/2002/line_level_all.csv
Wrote: data/processed/tariffs/wits_trn/BRA/2002/line_level_ad_valorem.csv
Wrote: outputs/validation/wits_tariff_pilot_summary_BRA_2002.csv
CMD: Rscript scripts/R/06_map_hs_to_2012.R --reporter-iso3 BRA --year 2002
Wrote: data/processed/tariffs/wits_trn/BRA/2002/line_level_ad_valorem_hs2012.csv
Wrote: outputs/validation/wits_hs_mapping_summary_BRA_2002.csv
CMD: Rscript scripts/R/07_build_margins.R --reporter-iso3 BRA --year 2002
Wrote: data/processed/tariffs/wits_trn/BRA/2002/margins_hs4.csv
Wrote: data/processed/tariffs/wits_trn/BRA/2002/mfn_hs4.csv
Wrote: outputs/validation/wits_margin_summary_BRA_2002.csv
CHUNK DONE
Chunk 2003-2007 (parse -> map -> margins)
RUN 2003
CMD: Rscript scripts/R/05_parse_wits_tariffs.R --reporter-iso3 BRA --year 2003
Wrote: data/processed/tariffs/wits_trn/BRA/2003/line_level_all.csv
Wrote: data/processed/tariffs/wits_trn/BRA/2003/line_level_ad_valorem.csv
Wrote: outputs/validation/wits_tariff_pilot_summary_BRA_2003.csv
CMD: Rscript scripts/R/06_map_hs_to_2012.R --reporter-iso3 BRA --year 2003
Wrote: data/processed/tariffs/wits_trn/BRA/2003/line_level_ad_valorem_hs2012.csv
Wrote: outputs/validation/wits_hs_mapping_summary_BRA_2003.csv
CMD: Rscript scripts/R/07_build_margins.R --reporter-iso3 BRA --year 2003
Wrote: data/processed/tariffs/wits_trn/BRA/2003/margins_hs4.csv
Wrote: data/processed/tariffs/wits_trn/BRA/2003/mfn_hs4.csv
Wrote: outputs/validation/wits_margin_summary_BRA_2003.csv
RUN 2004
CMD: Rscript scripts/R/05_parse_wits_tariffs.R --reporter-iso3 BRA --year 2004
Wrote: data/processed/tariffs/wits_trn/BRA/2004/line_level_all.csv
Wrote: data/processed/tariffs/wits_trn/BRA/2004/line_level_ad_valorem.csv
Wrote: outputs/validation/wits_tariff_pilot_summary_BRA_2004.csv
CMD: Rscript scripts/R/06_map_hs_to_2012.R --reporter-iso3 BRA --year 2004
Wrote: data/processed/tariffs/wits_trn/BRA/2004/line_level_ad_valorem_hs2012.csv
Wrote: outputs/validation/wits_hs_mapping_summary_BRA_2004.csv
CMD: Rscript scripts/R/07_build_margins.R --reporter-iso3 BRA --year 2004
Wrote: data/processed/tariffs/wits_trn/BRA/2004/margins_hs4.csv
Wrote: data/processed/tariffs/wits_trn/BRA/2004/mfn_hs4.csv
Wrote: outputs/validation/wits_margin_summary_BRA_2004.csv
RUN 2005
CMD: Rscript scripts/R/05_parse_wits_tariffs.R --reporter-iso3 BRA --year 2005
Wrote: data/processed/tariffs/wits_trn/BRA/2005/line_level_all.csv
Wrote: data/processed/tariffs/wits_trn/BRA/2005/line_level_ad_valorem.csv
Wrote: outputs/validation/wits_tariff_pilot_summary_BRA_2005.csv
CMD: Rscript scripts/R/06_map_hs_to_2012.R --reporter-iso3 BRA --year 2005
Wrote: data/processed/tariffs/wits_trn/BRA/2005/line_level_ad_valorem_hs2012.csv
Wrote: outputs/validation/wits_hs_mapping_summary_BRA_2005.csv
CMD: Rscript scripts/R/07_build_margins.R --reporter-iso3 BRA --year 2005
Wrote: data/processed/tariffs/wits_trn/BRA/2005/margins_hs4.csv
Wrote: data/processed/tariffs/wits_trn/BRA/2005/mfn_hs4.csv
Wrote: outputs/validation/wits_margin_summary_BRA_2005.csv
RUN 2006
CMD: Rscript scripts/R/05_parse_wits_tariffs.R --reporter-iso3 BRA --year 2006
Wrote: data/processed/tariffs/wits_trn/BRA/2006/line_level_all.csv
Wrote: data/processed/tariffs/wits_trn/BRA/2006/line_level_ad_valorem.csv
Wrote: outputs/validation/wits_tariff_pilot_summary_BRA_2006.csv
CMD: Rscript scripts/R/06_map_hs_to_2012.R --reporter-iso3 BRA --year 2006
Wrote: data/processed/tariffs/wits_trn/BRA/2006/line_level_ad_valorem_hs2012.csv
Wrote: outputs/validation/wits_hs_mapping_summary_BRA_2006.csv
CMD: Rscript scripts/R/07_build_margins.R --reporter-iso3 BRA --year 2006
Wrote: data/processed/tariffs/wits_trn/BRA/2006/margins_hs4.csv
Wrote: data/processed/tariffs/wits_trn/BRA/2006/mfn_hs4.csv
Wrote: outputs/validation/wits_margin_summary_BRA_2006.csv
RUN 2007
CMD: Rscript scripts/R/05_parse_wits_tariffs.R --reporter-iso3 BRA --year 2007
Wrote: data/processed/tariffs/wits_trn/BRA/2007/line_level_all.csv
Wrote: data/processed/tariffs/wits_trn/BRA/2007/line_level_ad_valorem.csv
Wrote: outputs/validation/wits_tariff_pilot_summary_BRA_2007.csv
CMD: Rscript scripts/R/06_map_hs_to_2012.R --reporter-iso3 BRA --year 2007
Wrote: data/processed/tariffs/wits_trn/BRA/2007/line_level_ad_valorem_hs2012.csv
Wrote: outputs/validation/wits_hs_mapping_summary_BRA_2007.csv
CMD: Rscript scripts/R/07_build_margins.R --reporter-iso3 BRA --year 2007
Wrote: data/processed/tariffs/wits_trn/BRA/2007/margins_hs4.csv
Wrote: data/processed/tariffs/wits_trn/BRA/2007/mfn_hs4.csv
Wrote: outputs/validation/wits_margin_summary_BRA_2007.csv
CHUNK DONE
Chunk 2008-2012 (parse -> map -> margins)
RUN 2008
CMD: Rscript scripts/R/05_parse_wits_tariffs.R --reporter-iso3 BRA --year 2008
Wrote: data/processed/tariffs/wits_trn/BRA/2008/line_level_all.csv
Wrote: data/processed/tariffs/wits_trn/BRA/2008/line_level_ad_valorem.csv
Wrote: outputs/validation/wits_tariff_pilot_summary_BRA_2008.csv
CMD: Rscript scripts/R/06_map_hs_to_2012.R --reporter-iso3 BRA --year 2008
Wrote: data/processed/tariffs/wits_trn/BRA/2008/line_level_ad_valorem_hs2012.csv
Wrote: outputs/validation/wits_hs_mapping_summary_BRA_2008.csv
CMD: Rscript scripts/R/07_build_margins.R --reporter-iso3 BRA --year 2008
Wrote: data/processed/tariffs/wits_trn/BRA/2008/margins_hs4.csv
Wrote: data/processed/tariffs/wits_trn/BRA/2008/mfn_hs4.csv
Wrote: outputs/validation/wits_margin_summary_BRA_2008.csv
RUN 2009
CMD: Rscript scripts/R/05_parse_wits_tariffs.R --reporter-iso3 BRA --year 2009
Wrote: data/processed/tariffs/wits_trn/BRA/2009/line_level_all.csv
Wrote: data/processed/tariffs/wits_trn/BRA/2009/line_level_ad_valorem.csv
Wrote: outputs/validation/wits_tariff_pilot_summary_BRA_2009.csv
CMD: Rscript scripts/R/06_map_hs_to_2012.R --reporter-iso3 BRA --year 2009
Wrote: data/processed/tariffs/wits_trn/BRA/2009/line_level_ad_valorem_hs2012.csv
Wrote: outputs/validation/wits_hs_mapping_summary_BRA_2009.csv
CMD: Rscript scripts/R/07_build_margins.R --reporter-iso3 BRA --year 2009
Wrote: data/processed/tariffs/wits_trn/BRA/2009/margins_hs4.csv
Wrote: data/processed/tariffs/wits_trn/BRA/2009/mfn_hs4.csv
Wrote: outputs/validation/wits_margin_summary_BRA_2009.csv
RUN 2010
CMD: Rscript scripts/R/05_parse_wits_tariffs.R --reporter-iso3 BRA --year 2010
Wrote: data/processed/tariffs/wits_trn/BRA/2010/line_level_all.csv
Wrote: data/processed/tariffs/wits_trn/BRA/2010/line_level_ad_valorem.csv
Wrote: outputs/validation/wits_tariff_pilot_summary_BRA_2010.csv
CMD: Rscript scripts/R/06_map_hs_to_2012.R --reporter-iso3 BRA --year 2010
Wrote: data/processed/tariffs/wits_trn/BRA/2010/line_level_ad_valorem_hs2012.csv
Wrote: outputs/validation/wits_hs_mapping_summary_BRA_2010.csv
CMD: Rscript scripts/R/07_build_margins.R --reporter-iso3 BRA --year 2010
Wrote: data/processed/tariffs/wits_trn/BRA/2010/margins_hs4.csv
Wrote: data/processed/tariffs/wits_trn/BRA/2010/mfn_hs4.csv
Wrote: outputs/validation/wits_margin_summary_BRA_2010.csv
RUN 2011
CMD: Rscript scripts/R/05_parse_wits_tariffs.R --reporter-iso3 BRA --year 2011
Wrote: data/processed/tariffs/wits_trn/BRA/2011/line_level_all.csv
Wrote: data/processed/tariffs/wits_trn/BRA/2011/line_level_ad_valorem.csv
Wrote: outputs/validation/wits_tariff_pilot_summary_BRA_2011.csv
CMD: Rscript scripts/R/06_map_hs_to_2012.R --reporter-iso3 BRA --year 2011
Wrote: data/processed/tariffs/wits_trn/BRA/2011/line_level_ad_valorem_hs2012.csv
Wrote: outputs/validation/wits_hs_mapping_summary_BRA_2011.csv
CMD: Rscript scripts/R/07_build_margins.R --reporter-iso3 BRA --year 2011
Wrote: data/processed/tariffs/wits_trn/BRA/2011/margins_hs4.csv
Wrote: data/processed/tariffs/wits_trn/BRA/2011/mfn_hs4.csv
Wrote: outputs/validation/wits_margin_summary_BRA_2011.csv
RUN 2012
CMD: Rscript scripts/R/05_parse_wits_tariffs.R --reporter-iso3 BRA --year 2012
Wrote: data/processed/tariffs/wits_trn/BRA/2012/line_level_all.csv
Wrote: data/processed/tariffs/wits_trn/BRA/2012/line_level_ad_valorem.csv
Wrote: outputs/validation/wits_tariff_pilot_summary_BRA_2012.csv
CMD: Rscript scripts/R/06_map_hs_to_2012.R --reporter-iso3 BRA --year 2012
Wrote: data/processed/tariffs/wits_trn/BRA/2012/line_level_ad_valorem_hs2012.csv
Wrote: outputs/validation/wits_hs_mapping_summary_BRA_2012.csv
CMD: Rscript scripts/R/07_build_margins.R --reporter-iso3 BRA --year 2012
Wrote: data/processed/tariffs/wits_trn/BRA/2012/margins_hs4.csv
Wrote: data/processed/tariffs/wits_trn/BRA/2012/mfn_hs4.csv
Wrote: outputs/validation/wits_margin_summary_BRA_2012.csv
CHUNK DONE
Chunk 2013-2017 (parse -> map -> margins)
RUN 2013
CMD: Rscript scripts/R/05_parse_wits_tariffs.R --reporter-iso3 BRA --year 2013
Wrote: data/processed/tariffs/wits_trn/BRA/2013/line_level_all.csv
Wrote: data/processed/tariffs/wits_trn/BRA/2013/line_level_ad_valorem.csv
Wrote: outputs/validation/wits_tariff_pilot_summary_BRA_2013.csv
CMD: Rscript scripts/R/06_map_hs_to_2012.R --reporter-iso3 BRA --year 2013
Wrote: data/processed/tariffs/wits_trn/BRA/2013/line_level_ad_valorem_hs2012.csv
Wrote: outputs/validation/wits_hs_mapping_summary_BRA_2013.csv
CMD: Rscript scripts/R/07_build_margins.R --reporter-iso3 BRA --year 2013
Wrote: data/processed/tariffs/wits_trn/BRA/2013/margins_hs4.csv
Wrote: data/processed/tariffs/wits_trn/BRA/2013/mfn_hs4.csv
Wrote: outputs/validation/wits_margin_summary_BRA_2013.csv
RUN 2014
CMD: Rscript scripts/R/05_parse_wits_tariffs.R --reporter-iso3 BRA --year 2014
Wrote: data/processed/tariffs/wits_trn/BRA/2014/line_level_all.csv
Wrote: data/processed/tariffs/wits_trn/BRA/2014/line_level_ad_valorem.csv
Wrote: outputs/validation/wits_tariff_pilot_summary_BRA_2014.csv
CMD: Rscript scripts/R/06_map_hs_to_2012.R --reporter-iso3 BRA --year 2014
Wrote: data/processed/tariffs/wits_trn/BRA/2014/line_level_ad_valorem_hs2012.csv
Wrote: outputs/validation/wits_hs_mapping_summary_BRA_2014.csv
CMD: Rscript scripts/R/07_build_margins.R --reporter-iso3 BRA --year 2014
Wrote: data/processed/tariffs/wits_trn/BRA/2014/margins_hs4.csv
Wrote: data/processed/tariffs/wits_trn/BRA/2014/mfn_hs4.csv
Wrote: outputs/validation/wits_margin_summary_BRA_2014.csv
RUN 2015
CMD: Rscript scripts/R/05_parse_wits_tariffs.R --reporter-iso3 BRA --year 2015
Wrote: data/processed/tariffs/wits_trn/BRA/2015/line_level_all.csv
Wrote: data/processed/tariffs/wits_trn/BRA/2015/line_level_ad_valorem.csv
Wrote: outputs/validation/wits_tariff_pilot_summary_BRA_2015.csv
CMD: Rscript scripts/R/06_map_hs_to_2012.R --reporter-iso3 BRA --year 2015
Wrote: data/processed/tariffs/wits_trn/BRA/2015/line_level_ad_valorem_hs2012.csv
Wrote: outputs/validation/wits_hs_mapping_summary_BRA_2015.csv
CMD: Rscript scripts/R/07_build_margins.R --reporter-iso3 BRA --year 2015
Wrote: data/processed/tariffs/wits_trn/BRA/2015/margins_hs4.csv
Wrote: data/processed/tariffs/wits_trn/BRA/2015/mfn_hs4.csv
Wrote: outputs/validation/wits_margin_summary_BRA_2015.csv
RUN 2016
CMD: Rscript scripts/R/05_parse_wits_tariffs.R --reporter-iso3 BRA --year 2016
Wrote: data/processed/tariffs/wits_trn/BRA/2016/line_level_all.csv
Wrote: data/processed/tariffs/wits_trn/BRA/2016/line_level_ad_valorem.csv
Wrote: outputs/validation/wits_tariff_pilot_summary_BRA_2016.csv
CMD: Rscript scripts/R/06_map_hs_to_2012.R --reporter-iso3 BRA --year 2016
Wrote: data/processed/tariffs/wits_trn/BRA/2016/line_level_ad_valorem_hs2012.csv
Wrote: outputs/validation/wits_hs_mapping_summary_BRA_2016.csv
CMD: Rscript scripts/R/07_build_margins.R --reporter-iso3 BRA --year 2016
Wrote: data/processed/tariffs/wits_trn/BRA/2016/margins_hs4.csv
Wrote: data/processed/tariffs/wits_trn/BRA/2016/mfn_hs4.csv
Wrote: outputs/validation/wits_margin_summary_BRA_2016.csv
RUN 2017
CMD: Rscript scripts/R/05_parse_wits_tariffs.R --reporter-iso3 BRA --year 2017
Wrote: data/processed/tariffs/wits_trn/BRA/2017/line_level_all.csv
Wrote: data/processed/tariffs/wits_trn/BRA/2017/line_level_ad_valorem.csv
Wrote: outputs/validation/wits_tariff_pilot_summary_BRA_2017.csv
CMD: Rscript scripts/R/06_map_hs_to_2012.R --reporter-iso3 BRA --year 2017
Wrote: data/processed/tariffs/wits_trn/BRA/2017/line_level_ad_valorem_hs2012.csv
Wrote: outputs/validation/wits_hs_mapping_summary_BRA_2017.csv
CMD: Rscript scripts/R/07_build_margins.R --reporter-iso3 BRA --year 2017
Wrote: data/processed/tariffs/wits_trn/BRA/2017/margins_hs4.csv
Wrote: data/processed/tariffs/wits_trn/BRA/2017/mfn_hs4.csv
Wrote: outputs/validation/wits_margin_summary_BRA_2017.csv
CHUNK DONE
Chunk 2018-2021 (parse -> map -> margins)
RUN 2018
CMD: Rscript scripts/R/05_parse_wits_tariffs.R --reporter-iso3 BRA --year 2018
Wrote: data/processed/tariffs/wits_trn/BRA/2018/line_level_all.csv
Wrote: data/processed/tariffs/wits_trn/BRA/2018/line_level_ad_valorem.csv
Wrote: outputs/validation/wits_tariff_pilot_summary_BRA_2018.csv
CMD: Rscript scripts/R/06_map_hs_to_2012.R --reporter-iso3 BRA --year 2018
Wrote: data/processed/tariffs/wits_trn/BRA/2018/line_level_ad_valorem_hs2012.csv
Wrote: outputs/validation/wits_hs_mapping_summary_BRA_2018.csv
CMD: Rscript scripts/R/07_build_margins.R --reporter-iso3 BRA --year 2018
Wrote: data/processed/tariffs/wits_trn/BRA/2018/margins_hs4.csv
Wrote: data/processed/tariffs/wits_trn/BRA/2018/mfn_hs4.csv
Wrote: outputs/validation/wits_margin_summary_BRA_2018.csv
RUN 2019
CMD: Rscript scripts/R/05_parse_wits_tariffs.R --reporter-iso3 BRA --year 2019
Wrote: data/processed/tariffs/wits_trn/BRA/2019/line_level_all.csv
Wrote: data/processed/tariffs/wits_trn/BRA/2019/line_level_ad_valorem.csv
Wrote: outputs/validation/wits_tariff_pilot_summary_BRA_2019.csv
CMD: Rscript scripts/R/06_map_hs_to_2012.R --reporter-iso3 BRA --year 2019
Wrote: data/processed/tariffs/wits_trn/BRA/2019/line_level_ad_valorem_hs2012.csv
Wrote: outputs/validation/wits_hs_mapping_summary_BRA_2019.csv
CMD: Rscript scripts/R/07_build_margins.R --reporter-iso3 BRA --year 2019
Wrote: data/processed/tariffs/wits_trn/BRA/2019/margins_hs4.csv
Wrote: data/processed/tariffs/wits_trn/BRA/2019/mfn_hs4.csv
Wrote: outputs/validation/wits_margin_summary_BRA_2019.csv
RUN 2020
CMD: Rscript scripts/R/05_parse_wits_tariffs.R --reporter-iso3 BRA --year 2020
Wrote: data/processed/tariffs/wits_trn/BRA/2020/line_level_all.csv
Wrote: data/processed/tariffs/wits_trn/BRA/2020/line_level_ad_valorem.csv
Wrote: outputs/validation/wits_tariff_pilot_summary_BRA_2020.csv
CMD: Rscript scripts/R/06_map_hs_to_2012.R --reporter-iso3 BRA --year 2020
Wrote: data/processed/tariffs/wits_trn/BRA/2020/line_level_ad_valorem_hs2012.csv
Wrote: outputs/validation/wits_hs_mapping_summary_BRA_2020.csv
CMD: Rscript scripts/R/07_build_margins.R --reporter-iso3 BRA --year 2020
Wrote: data/processed/tariffs/wits_trn/BRA/2020/margins_hs4.csv
Wrote: data/processed/tariffs/wits_trn/BRA/2020/mfn_hs4.csv
Wrote: outputs/validation/wits_margin_summary_BRA_2020.csv
RUN 2021
CMD: Rscript scripts/R/05_parse_wits_tariffs.R --reporter-iso3 BRA --year 2021
Wrote: data/processed/tariffs/wits_trn/BRA/2021/line_level_all.csv
Wrote: data/processed/tariffs/wits_trn/BRA/2021/line_level_ad_valorem.csv
Wrote: outputs/validation/wits_tariff_pilot_summary_BRA_2021.csv
CMD: Rscript scripts/R/06_map_hs_to_2012.R --reporter-iso3 BRA --year 2021
Wrote: data/processed/tariffs/wits_trn/BRA/2021/line_level_ad_valorem_hs2012.csv
Wrote: outputs/validation/wits_hs_mapping_summary_BRA_2021.csv
CMD: Rscript scripts/R/07_build_margins.R --reporter-iso3 BRA --year 2021
Wrote: data/processed/tariffs/wits_trn/BRA/2021/margins_hs4.csv
Wrote: data/processed/tariffs/wits_trn/BRA/2021/mfn_hs4.csv
Wrote: outputs/validation/wits_margin_summary_BRA_2021.csv
CHUNK DONE
