Phase 0 — Acquire 3 New Issue-Area Data Sources
=================================================
Date: 2026-02-03
Status: SUCCESS (all 3 sources acquired and validated)
Plan: docs/new_sources_plan.md

Source 0A: UN Human Rights Treaties
------------------------------------
Script: scripts/python/acquire_un_hr_treaties.py
Source: treaties.un.org Chapter IV (Human Rights)
Output: data/raw/un_hr_treaties/un_hr_ratifications.csv
Records: 2,567
Countries: 200
Treaties: 18 instruments
  - Core: cerd, icescr, iccpr, cedaw, cat, crc, cmw, crpd, ced
  - Protocols: icescr_op, iccpr_op1, iccpr_op2, cedaw_op, cat_op,
               crc_op_ac, crc_op_sc, crc_op_ic, crpd_op
Validation: PASSED
  - >= 150 countries ✓ (200)
  - >= 15 instruments ✓ (18)
  - No action dates before open year ✓
  - No duplicates ✓ (after dedup fix)
Spot-check:
  - DNK: 16 treaties (high)
  - USA: 9 treaties
  - IRN: 7 treaties
  - PRK: 6 treaties (low)
Notes:
  - Fixed trailing footnote numbers in country names (e.g. "Netherlands 12")
  - Deduplication applied: prefer action_date over signature-only entries
  - Raw HTML preserved in data/raw/un_hr_treaties/html/

Source 0B: Arms Control Treaties
---------------------------------
Script: scripts/python/acquire_arms_control.py
Source: treaties.un.org Chapter XXVI (Disarmament)
Output: data/raw/arms_control/arms_control_ratifications.csv
Records: 1,541
Countries: 197
Treaties: 12 instruments
  - enmod, ccw, ccw_p4, ccw_p2a, ccw_art1, ccw_p5, cwc, ctbt,
    ottawa, ccm, att, tpnw
Validation: PASSED
  - CWC: 194 parties ✓
  - CTBT: 187 ratifications ✓
  - >= 100 countries ✓ (197)
  - No action dates before open year ✓
Spot-check:
  - DNK: 11 treaties (high)
  - NZL: 12 treaties (highest — includes TPNW)
  - USA: not checked (expected moderate)
  - ISR: 6 treaties (moderate)
  - PRK: 1 treaty (ENMOD only — very low)
Notes:
  - NPT (1968) and BWC (1972) are NOT in the UN Treaty Collection
    (deposited with US/UK/USSR, not UN SecGen). Could be added later.
  - Raw HTML preserved in data/raw/arms_control/html/

Source 0C: WIPO-Administered Treaties
--------------------------------------
Script: scripts/python/acquire_wipo_treaties.py
Source: WIPO Lex (www.wipo.int/wipolex)
Output: data/raw/wipo_treaties/wipo_ratifications.csv
Records: 2,461
Countries: 199
Treaties: 26 instruments
  - Protection: wipo_convention, paris, berne, madrid_indications,
    madrid_marks, madrid_protocol, hague, lisbon, pct, budapest,
    nairobi, tlt, plt, singapore
  - Copyright: wct, wppt, rome, phonograms, brussels, beijing, marrakesh
  - Classification: strasbourg, nice, vienna_classification, locarno
  - Other: washington
Validation: PASSED
  - Paris Convention: 181 parties ✓
  - PCT: 160 parties ✓
  - Berne Convention: 182 parties ✓
  - >= 100 countries ✓ (199)
  - >= 20 treaties ✓ (26)
  - No dates well before open year ✓
Spot-check:
  - DNK: 20 treaties (high)
  - USA: 18 treaties
  - PRK: 18 treaties (surprisingly active in WIPO)
  - SOM: 1 treaty (WIPO Convention only — very low)
Notes:
  - PRK is unexpectedly high for WIPO (participates in IP systems);
    SOM better negative anchor candidate
  - Raw HTML preserved in data/raw/wipo_treaties/html/

Overall Summary
================
Total new records: 6,569 across 56 treaty instruments and 3 issue areas
All validation checks passed.
Next step: Phase 1 — R Integration (update 01_prepare_data.R)
