Estimating area: investment

==================== 
dynIRT: Dynamic IRT via Variational Inference

Iteration: 50
Iteration: 100
	Done in 119 iterations, using 0 threads.
==================== 
Estimating area: security

==================== 
dynIRT: Dynamic IRT via Variational Inference

Iteration: 50
Iteration: 100
Iteration: 150
	Done in 156 iterations, using 0 threads.
==================== 
Estimating area: environment

==================== 
dynIRT: Dynamic IRT via Variational Inference

Iteration: 50
Iteration: 100
	Done in 102 iterations, using 0 threads.
==================== 
Phase 3 estimation completed for investment, security, environment.
