Phase 3 — dynIRT Estimation for 3 New Issue Areas
====================================================
Date: 2026-02-03
Status: SUCCESS (all 3 converged)
Plan: docs/new_sources_plan.md (Phase 3)

Script: scripts/R/03_estimate_ideal_points.R
Changes:
  - Added 3 new areas to `areas` vector
  - Added anchor_map entries with user-approved anchors

Anchors (user-approved 2026-02-03):
  human_rights:          pos=DNK, neg=PRK
  arms_control:          pos=NZL, neg=ISR
  intellectual_property: pos=DNK, neg=AGO

Convergence:
  human_rights:          47 iterations (converged)
  arms_control:          60 iterations (converged)
  intellectual_property: 54 iterations (converged)

Anchor verification:
  human_rights:
    DNK mean IP: +0.657 (positive ✓)
    PRK mean IP: -0.413 (negative ✓)
  arms_control:
    NZL mean IP: +1.264 (positive ✓)
    ISR mean IP: -1.211 (negative ✓)
  intellectual_property:
    DNK mean IP: +1.646 (positive ✓)
    AGO mean IP: -1.008 (negative ✓)

Top/Bottom 5 countries by mean ideal point:

HUMAN RIGHTS (positive = low ratification; negative = high ratification)
  Top: STP (+1.97), SOM (+1.88), FJI (+1.87), MHL (+1.87), TTO (+1.87)
  Bottom: BOL (-2.62), ESP (-2.32), ECU (-2.25), CRI (-2.16), URY (-2.11)

ARMS CONTROL (positive = pro-disarmament; negative = anti-disarmament)
  Top: NZL (+1.26), IRN (+1.00), NPL (+1.00), PAK (+1.00), SAU (+1.00)
  Bottom: NOR (-1.67), ESP (-1.67), MEX (-1.67), BGR (-1.53), SWE (-1.53)

INTELLECTUAL PROPERTY (positive = high WIPO engagement; negative = low engagement)
  Top: MDA (+2.78), ROU (+2.17), SVK (+2.14), LVA (+2.09), UKR (+2.02)
  Bottom: ZMB (-1.10), VNM (-1.10), TZA (-1.10), SWZ (-1.10), SMR (-1.10)

Outputs:
  outputs/estimates/human_rights_ideal_points.rds / .csv
  outputs/estimates/human_rights_item_params.csv
  outputs/estimates/arms_control_ideal_points.rds / .csv
  outputs/estimates/arms_control_item_params.csv
  outputs/estimates/intellectual_property_ideal_points.rds / .csv
  outputs/estimates/intellectual_property_item_params.csv

Notes:
  - Arms control: IRN/PAK/SAU appear near positive end alongside NZL.
    This may reflect item parameter structure (some betas negative)
    rather than a scale issue. Warrants further investigation in
    validation phase.
  - Human rights: PCA sign was flipped relative to intuitive direction.
    dynIRT positive = low ratification (STP, SOM); negative = high
    ratification (BOL, ESP). This is a sign convention — the
    substantive ordering is correct.
  - IP: Eastern European/post-Soviet countries rank highest due to
    burst of WIPO accessions in 1990s transition period.

Next step: Phase 4 — Validation against UNGA ideal points
