Decision: attempt without WITS authentication (no WITS_USER/WITS_PASS set).
RUN 1993: python3 scripts/python/acquire_wits_tariffs.py --reporter-iso3 BRA --year 1993
FAILED 1993 exit=1
Retry with escalated permissions after DNS failure.
RUN 1993: python3 scripts/python/acquire_wits_tariffs.py --reporter-iso3 BRA --year 1993
RUN 1994: python3 scripts/python/acquire_wits_tariffs.py --reporter-iso3 BRA --year 1994
RUN 1995: python3 scripts/python/acquire_wits_tariffs.py --reporter-iso3 BRA --year 1995
Chunk 1995-1999 (escalated)
RUN 1995: python3 scripts/python/acquire_wits_tariffs.py --reporter-iso3 BRA --year 1995
RUN 1996: python3 scripts/python/acquire_wits_tariffs.py --reporter-iso3 BRA --year 1996
RUN 1997: python3 scripts/python/acquire_wits_tariffs.py --reporter-iso3 BRA --year 1997
RUN 1998: python3 scripts/python/acquire_wits_tariffs.py --reporter-iso3 BRA --year 1998
RUN 1999: python3 scripts/python/acquire_wits_tariffs.py --reporter-iso3 BRA --year 1999
CHUNK DONE
Chunk 2000-2004 (escalated)
RUN 2000: python3 scripts/python/acquire_wits_tariffs.py --reporter-iso3 BRA --year 2000
RUN 2001: python3 scripts/python/acquire_wits_tariffs.py --reporter-iso3 BRA --year 2001
RUN 2002: python3 scripts/python/acquire_wits_tariffs.py --reporter-iso3 BRA --year 2002
RUN 2003: python3 scripts/python/acquire_wits_tariffs.py --reporter-iso3 BRA --year 2003
RUN 2004: python3 scripts/python/acquire_wits_tariffs.py --reporter-iso3 BRA --year 2004
CHUNK DONE
Chunk 2005-2009 (escalated)
RUN 2005: python3 scripts/python/acquire_wits_tariffs.py --reporter-iso3 BRA --year 2005
FAILED 2005 exit=1
Retry chunk 2005-2009 with escalated permissions after DNS failure.
RUN 2005: python3 scripts/python/acquire_wits_tariffs.py --reporter-iso3 BRA --year 2005
RUN 2006: python3 scripts/python/acquire_wits_tariffs.py --reporter-iso3 BRA --year 2006
RUN 2007: python3 scripts/python/acquire_wits_tariffs.py --reporter-iso3 BRA --year 2007
RUN 2008: python3 scripts/python/acquire_wits_tariffs.py --reporter-iso3 BRA --year 2008
RUN 2009: python3 scripts/python/acquire_wits_tariffs.py --reporter-iso3 BRA --year 2009
CHUNK DONE
Chunk 2010-2014 (escalated)
RUN 2010: python3 scripts/python/acquire_wits_tariffs.py --reporter-iso3 BRA --year 2010
RUN 2011: python3 scripts/python/acquire_wits_tariffs.py --reporter-iso3 BRA --year 2011
RUN 2012: python3 scripts/python/acquire_wits_tariffs.py --reporter-iso3 BRA --year 2012
RUN 2013: python3 scripts/python/acquire_wits_tariffs.py --reporter-iso3 BRA --year 2013
RUN 2014: python3 scripts/python/acquire_wits_tariffs.py --reporter-iso3 BRA --year 2014
CHUNK DONE
Chunk 2015-2019 (escalated)
RUN 2015: python3 scripts/python/acquire_wits_tariffs.py --reporter-iso3 BRA --year 2015
RUN 2016: python3 scripts/python/acquire_wits_tariffs.py --reporter-iso3 BRA --year 2016
RUN 2017: python3 scripts/python/acquire_wits_tariffs.py --reporter-iso3 BRA --year 2017
RUN 2018: python3 scripts/python/acquire_wits_tariffs.py --reporter-iso3 BRA --year 2018
RUN 2019: python3 scripts/python/acquire_wits_tariffs.py --reporter-iso3 BRA --year 2019
CHUNK DONE
Chunk 2020-2024 (escalated)
RUN 2020: python3 scripts/python/acquire_wits_tariffs.py --reporter-iso3 BRA --year 2020
RUN 2021: python3 scripts/python/acquire_wits_tariffs.py --reporter-iso3 BRA --year 2021
FAILED 2021 exit=2
Retry partner 000 for BRA 2021 after HTTP 502 (wait 30s).
RUN 2021 partner 000: python3 scripts/python/acquire_wits_tariffs.py --reporter-iso3 BRA --year 2021 --partner-list 000
EXIT 2021 partner 000: 0
Chunk 2022-2024 (escalated)
RUN 2022: python3 scripts/python/acquire_wits_tariffs.py --reporter-iso3 BRA --year 2022
FAILED 2022 exit=1
Attempt years 2023-2024 after data-not-found for 2022 (continue on failure).
RUN 2023: python3 scripts/python/acquire_wits_tariffs.py --reporter-iso3 BRA --year 2023
EXIT 2023: 1
RUN 2024: python3 scripts/python/acquire_wits_tariffs.py --reporter-iso3 BRA --year 2024
EXIT 2024: 1
ATTEMPT DONE
